<?xml version="1.0" encoding="utf-8"?><testsuites name="pytest tests"><testsuite name="pytest" errors="0" failures="1" skipped="0" tests="16" time="2.494" timestamp="2026-02-19T22:39:25.637069+00:00" hostname="agent-env-e73da2e2-ac3e-48e4-9f9c-cc6a65d2999c"><testcase classname="tests.test_security_audit.TestAuthentication" name="test_register_new_user" time="0.372"><failure message="AssertionError: Invalid response: {'email': 'test_user_c2a3ba7a@test.com', 'name': 'Test User', 'role': 'ecommerce', 'picture': None, 'language': 'fr', 'theme': 'light', 'id': 'a1b41353-d1bd-46d9-89f8-53cb60862571', 'current_plan': 'free', 'plan_expires_at': None, 'subscription_id': None, 'created_at': '2026-02-19T22:39:26.029216Z'}&#10;assert ('user' in {'created_at': '2026-02-19T22:39:26.029216Z', 'current_plan': 'free', 'email': 'test_user_c2a3ba7a@test.com', 'id': 'a1b41353-d1bd-46d9-89f8-53cb60862571', ...} or 'token' in {'created_at': '2026-02-19T22:39:26.029216Z', 'current_plan': 'free', 'email': 'test_user_c2a3ba7a@test.com', 'id': 'a1b41353-d1bd-46d9-89f8-53cb60862571', ...} or 'access_token' in {'created_at': '2026-02-19T22:39:26.029216Z', 'current_plan': 'free', 'email': 'test_user_c2a3ba7a@test.com', 'id': 'a1b41353-d1bd-46d9-89f8-53cb60862571', ...})">tests/test_security_audit.py:68: in test_register_new_user
    assert "user" in data or "token" in data or "access_token" in data, f"Invalid response: {data}"
E   AssertionError: Invalid response: {'email': 'test_user_c2a3ba7a@test.com', 'name': 'Test User', 'role': 'ecommerce', 'picture': None, 'language': 'fr', 'theme': 'light', 'id': 'a1b41353-d1bd-46d9-89f8-53cb60862571', 'current_plan': 'free', 'plan_expires_at': None, 'subscription_id': None, 'created_at': '2026-02-19T22:39:26.029216Z'}
E   assert ('user' in {'created_at': '2026-02-19T22:39:26.029216Z', 'current_plan': 'free', 'email': 'test_user_c2a3ba7a@test.com', 'id': 'a1b41353-d1bd-46d9-89f8-53cb60862571', ...} or 'token' in {'created_at': '2026-02-19T22:39:26.029216Z', 'current_plan': 'free', 'email': 'test_user_c2a3ba7a@test.com', 'id': 'a1b41353-d1bd-46d9-89f8-53cb60862571', ...} or 'access_token' in {'created_at': '2026-02-19T22:39:26.029216Z', 'current_plan': 'free', 'email': 'test_user_c2a3ba7a@test.com', 'id': 'a1b41353-d1bd-46d9-89f8-53cb60862571', ...})</failure></testcase><testcase classname="tests.test_security_audit.TestAuthentication" name="test_login_with_registered_user" time="0.113" /><testcase classname="tests.test_security_audit.TestAuthentication" name="test_login_admin" time="0.180" /><testcase classname="tests.test_security_audit.TestAIBrainEndpoints" name="test_ai_brain_status" time="0.403" /><testcase classname="tests.test_security_audit.TestAIBrainEndpoints" name="test_ai_brain_query" time="0.115" /><testcase classname="tests.test_security_audit.TestAIBrainEndpoints" name="test_ai_brain_query_analyst" time="0.129" /><testcase classname="tests.test_security_audit.TestAIBrainEndpoints" name="test_ai_brain_query_monitor" time="0.095" /><testcase classname="tests.test_security_audit.TestWhatsAppMetaEndpoints" name="test_whatsapp_status" time="0.078" /><testcase classname="tests.test_security_audit.TestWhatsAppMetaEndpoints" name="test_whatsapp_templates" time="0.126" /><testcase classname="tests.test_security_audit.TestWhatsAppMetaEndpoints" name="test_whatsapp_logs" time="0.152" /><testcase classname="tests.test_security_audit.TestDashboardEndpoints" name="test_dashboard_stats" time="0.114" /><testcase classname="tests.test_security_audit.TestDashboardEndpoints" name="test_dashboard_orders_by_status" time="0.111" /><testcase classname="tests.test_security_audit.TestDashboardEndpoints" name="test_dashboard_revenue_evolution" time="0.133" /><testcase classname="tests.test_security_audit.TestSecurityNoAPIKeysExposed" name="test_no_groq_key_in_ai_brain_status" time="0.124" /><testcase classname="tests.test_security_audit.TestSecurityNoAPIKeysExposed" name="test_no_whatsapp_token_in_status" time="0.101" /><testcase classname="tests.test_security_audit.TestSecurityNoAPIKeysExposed" name="test_no_credentials_in_ai_query_response" time="0.081" /></testsuite></testsuites>