<?xml version="1.0" encoding="utf-8"?><testsuites name="pytest tests"><testsuite name="pytest" errors="0" failures="0" skipped="0" tests="20" time="3.325" timestamp="2026-02-24T04:51:40.506568+00:00" hostname="agent-env-b48aa636-c1ee-491a-bbe5-a076a03b67ee"><testcase classname="backend.tests.test_ai_config_multi_provider.TestGetProviders" name="test_returns_4_providers" time="0.393" /><testcase classname="backend.tests.test_ai_config_multi_provider.TestGetProviders" name="test_provider_has_required_fields" time="0.148" /><testcase classname="backend.tests.test_ai_config_multi_provider.TestGetProviders" name="test_openrouter_has_key" time="0.121" /><testcase classname="backend.tests.test_ai_config_multi_provider.TestGetProviders" name="test_models_have_id_and_label" time="0.102" /><testcase classname="backend.tests.test_ai_config_multi_provider.TestGetProviders" name="test_unauthenticated_access_denied" time="0.111" /><testcase classname="backend.tests.test_ai_config_multi_provider.TestSaveProviderKey" name="test_save_key_success" time="0.110" /><testcase classname="backend.tests.test_ai_config_multi_provider.TestSaveProviderKey" name="test_save_key_verify_persistence" time="0.188" /><testcase classname="backend.tests.test_ai_config_multi_provider.TestSaveProviderKey" name="test_save_key_invalid_provider" time="0.100" /><testcase classname="backend.tests.test_ai_config_multi_provider.TestSaveProviderKey" name="test_save_key_unauthenticated" time="0.141" /><testcase classname="backend.tests.test_ai_config_multi_provider.TestProviderConnectionTest" name="test_openrouter_graceful_error" time="0.330" /><testcase classname="backend.tests.test_ai_config_multi_provider.TestProviderConnectionTest" name="test_provider_no_key_graceful_error" time="0.127" /><testcase classname="backend.tests.test_ai_config_multi_provider.TestProviderConnectionTest" name="test_invalid_provider_error" time="0.128" /><testcase classname="backend.tests.test_ai_config_multi_provider.TestProviderConnectionTest" name="test_unauthenticated_test" time="0.118" /><testcase classname="backend.tests.test_ai_config_multi_provider.TestGetAgentMatrix" name="test_returns_3_agents" time="0.111" /><testcase classname="backend.tests.test_ai_config_multi_provider.TestGetAgentMatrix" name="test_agent_has_provider_and_model" time="0.113" /><testcase classname="backend.tests.test_ai_config_multi_provider.TestGetAgentMatrix" name="test_unauthenticated_access_denied" time="0.111" /><testcase classname="backend.tests.test_ai_config_multi_provider.TestUpdateAgentMatrix" name="test_update_agent_success" time="0.112" /><testcase classname="backend.tests.test_ai_config_multi_provider.TestUpdateAgentMatrix" name="test_update_persists_in_get" time="0.185" /><testcase classname="backend.tests.test_ai_config_multi_provider.TestUpdateAgentMatrix" name="test_update_invalid_provider" time="0.115" /><testcase classname="backend.tests.test_ai_config_multi_provider.TestUpdateAgentMatrix" name="test_unauthenticated_update" time="0.373" /></testsuite></testsuites>