<?xml version="1.0" encoding="utf-8"?><testsuites name="pytest tests"><testsuite name="pytest" errors="0" failures="0" skipped="0" tests="16" time="2.013" timestamp="2026-02-19T22:39:41.210129+00:00" hostname="agent-env-e73da2e2-ac3e-48e4-9f9c-cc6a65d2999c"><testcase classname="tests.test_security_audit.TestAuthentication" name="test_register_new_user" time="0.523" /><testcase classname="tests.test_security_audit.TestAuthentication" name="test_login_with_registered_user" time="0.139" /><testcase classname="tests.test_security_audit.TestAuthentication" name="test_login_admin" time="0.205" /><testcase classname="tests.test_security_audit.TestAIBrainEndpoints" name="test_ai_brain_status" time="0.217" /><testcase classname="tests.test_security_audit.TestAIBrainEndpoints" name="test_ai_brain_query" time="0.133" /><testcase classname="tests.test_security_audit.TestAIBrainEndpoints" name="test_ai_brain_query_analyst" time="0.072" /><testcase classname="tests.test_security_audit.TestAIBrainEndpoints" name="test_ai_brain_query_monitor" time="0.063" /><testcase classname="tests.test_security_audit.TestWhatsAppMetaEndpoints" name="test_whatsapp_status" time="0.050" /><testcase classname="tests.test_security_audit.TestWhatsAppMetaEndpoints" name="test_whatsapp_templates" time="0.059" /><testcase classname="tests.test_security_audit.TestWhatsAppMetaEndpoints" name="test_whatsapp_logs" time="0.058" /><testcase classname="tests.test_security_audit.TestDashboardEndpoints" name="test_dashboard_stats" time="0.074" /><testcase classname="tests.test_security_audit.TestDashboardEndpoints" name="test_dashboard_orders_by_status" time="0.059" /><testcase classname="tests.test_security_audit.TestDashboardEndpoints" name="test_dashboard_revenue_evolution" time="0.080" /><testcase classname="tests.test_security_audit.TestSecurityNoAPIKeysExposed" name="test_no_groq_key_in_ai_brain_status" time="0.064" /><testcase classname="tests.test_security_audit.TestSecurityNoAPIKeysExposed" name="test_no_whatsapp_token_in_status" time="0.070" /><testcase classname="tests.test_security_audit.TestSecurityNoAPIKeysExposed" name="test_no_credentials_in_ai_query_response" time="0.078" /></testsuite></testsuites>