<?xml version="1.0" encoding="utf-8"?><testsuites name="pytest tests"><testsuite name="pytest" errors="0" failures="0" skipped="0" tests="17" time="4.625" timestamp="2026-02-24T14:30:57.785474+00:00" hostname="agent-env-b48aa636-c1ee-491a-bbe5-a076a03b67ee"><testcase classname="tests.test_iteration12_ai_driver.TestAIChatEndpoint" name="test_ai_chat_accepts_json_body_admin" time="0.810" /><testcase classname="tests.test_iteration12_ai_driver.TestAIChatEndpoint" name="test_ai_chat_works_for_delivery_role" time="0.543" /><testcase classname="tests.test_iteration12_ai_driver.TestAIChatEndpoint" name="test_ai_chat_returns_fallback_not_error" time="0.345" /><testcase classname="tests.test_iteration12_ai_driver.TestAIChatEndpoint" name="test_ai_chat_with_session_id" time="0.670" /><testcase classname="tests.test_iteration12_ai_driver.TestAIChatHistory" name="test_get_chat_history" time="0.142" /><testcase classname="tests.test_iteration12_ai_driver.TestAIChatHistory" name="test_driver_can_access_own_history" time="0.067" /><testcase classname="tests.test_iteration12_ai_driver.TestAIBrainEndpoint" name="test_ai_brain_query_admin" time="0.443" /><testcase classname="tests.test_iteration12_ai_driver.TestAIBrainEndpoint" name="test_ai_brain_query_driver" time="0.354" /><testcase classname="tests.test_iteration12_ai_driver.TestAIBrainEndpoint" name="test_ai_brain_status" time="0.073" /><testcase classname="tests.test_iteration12_ai_driver.TestDriverEndpoints" name="test_driver_tasks_endpoint" time="0.063" /><testcase classname="tests.test_iteration12_ai_driver.TestDriverEndpoints" name="test_driver_stats_endpoint" time="0.054" /><testcase classname="tests.test_iteration12_ai_driver.TestOrderStatusUpdate" name="test_order_status_accepts_json_body" time="0.203" /><testcase classname="tests.test_iteration12_ai_driver.TestOrderStatusUpdate" name="test_order_status_rejects_missing_body" time="0.102" /><testcase classname="tests.test_iteration12_ai_driver.TestWhatsAppForDriver" name="test_whatsapp_conversations_driver" time="0.080" /><testcase classname="tests.test_iteration12_ai_driver.TestAuthEndpoints" name="test_admin_login_works" time="0.227" /><testcase classname="tests.test_iteration12_ai_driver.TestAuthEndpoints" name="test_driver_login_works" time="0.281" /><testcase classname="tests.test_iteration12_ai_driver.TestAuthEndpoints" name="test_auth_me_works" time="0.090" /></testsuite></testsuites>