<?xml version="1.0" encoding="utf-8"?><testsuites name="pytest tests"><testsuite name="pytest" errors="0" failures="1" skipped="0" tests="26" time="3.100" timestamp="2026-02-19T15:15:49.622272+00:00" hostname="agent-env-e73da2e2-ac3e-48e4-9f9c-cc6a65d2999c"><testcase classname="backend.tests.test_performance_p2.TestPerfStatus" name="test_perf_status_returns_200" time="0.257" /><testcase classname="backend.tests.test_performance_p2.TestPerfStatus" name="test_perf_status_has_cache_info" time="0.063" /><testcase classname="backend.tests.test_performance_p2.TestPerfStatus" name="test_perf_status_has_index_list" time="0.078" /><testcase classname="backend.tests.test_performance_p2.TestMongoDBIndexes" name="test_orders_indexes" time="0.066" /><testcase classname="backend.tests.test_performance_p2.TestMongoDBIndexes" name="test_users_indexes" time="0.074" /><testcase classname="backend.tests.test_performance_p2.TestMongoDBIndexes" name="test_sessions_indexes" time="0.098" /><testcase classname="backend.tests.test_performance_p2.TestMongoDBIndexes" name="test_returns_indexes" time="0.090" /><testcase classname="backend.tests.test_performance_p2.TestMongoDBIndexes" name="test_tracking_events_indexes" time="0.109" /><testcase classname="backend.tests.test_performance_p2.TestDashboardStats" name="test_dashboard_stats_returns_200" time="0.207" /><testcase classname="backend.tests.test_performance_p2.TestDashboardStats" name="test_dashboard_stats_structure" time="0.105" /><testcase classname="backend.tests.test_performance_p2.TestDashboardStats" name="test_dashboard_stats_caches_result" time="0.195" /><testcase classname="backend.tests.test_performance_p2.TestDashboardOrdersByStatus" name="test_orders_by_status_returns_200" time="0.086" /><testcase classname="backend.tests.test_performance_p2.TestDashboardOrdersByStatus" name="test_orders_by_status_returns_list" time="0.074" /><testcase classname="backend.tests.test_performance_p2.TestDashboardOrdersByStatus" name="test_orders_by_status_structure" time="0.104" /><testcase classname="backend.tests.test_performance_p2.TestDashboardRevenueEvolution" name="test_revenue_evolution_returns_200" time="0.058" /><testcase classname="backend.tests.test_performance_p2.TestDashboardRevenueEvolution" name="test_revenue_evolution_returns_7_days" time="0.091" /><testcase classname="backend.tests.test_performance_p2.TestDashboardRevenueEvolution" name="test_revenue_evolution_structure" time="0.066" /><testcase classname="backend.tests.test_performance_p2.TestRedisCacheKeys" name="test_cache_has_keys_after_dashboard_calls" time="0.370" /><testcase classname="backend.tests.test_performance_p2.TestOrdersRegression" name="test_get_orders_returns_200" time="0.097" /><testcase classname="backend.tests.test_performance_p2.TestOrdersRegression" name="test_get_orders_has_pagination" time="0.082" /><testcase classname="backend.tests.test_performance_p2.TestReturnsRegression" name="test_get_returns_returns_200" time="0.103" /><testcase classname="backend.tests.test_performance_p2.TestWarehouseRegression" name="test_get_warehouse_zones_returns_200" time="0.073" /><testcase classname="backend.tests.test_performance_p2.TestWarehouseRegression" name="test_get_warehouse_depots_returns_200" time="0.124" /><testcase classname="backend.tests.test_performance_p2.TestAIBrainRegression" name="test_ai_brain_status_returns_200" time="0.089" /><testcase classname="backend.tests.test_performance_p2.TestAIBrainRegression" name="test_ai_brain_stats_returns_200" time="0.095"><failure message="AssertionError: Expected 200, got 404&#10;assert 404 == 200&#10; +  where 404 = &lt;Response [404]&gt;.status_code">backend/tests/test_performance_p2.py:304: in test_ai_brain_stats_returns_200
    assert response.status_code == 200, f"Expected 200, got {response.status_code}"
E   AssertionError: Expected 200, got 404
E   assert 404 == 200
E    +  where 404 = &lt;Response [404]&gt;.status_code</failure></testcase><testcase classname="backend.tests.test_performance_p2.TestCacheInvalidation" name="test_order_status_update_available" time="0.144" /></testsuite></testsuites>