<?xml version="1.0" encoding="utf-8"?><testsuites name="pytest tests"><testsuite name="pytest" errors="0" failures="0" skipped="0" tests="26" time="2.616" timestamp="2026-02-19T15:16:23.555131+00:00" hostname="agent-env-e73da2e2-ac3e-48e4-9f9c-cc6a65d2999c"><testcase classname="backend.tests.test_performance_p2.TestPerfStatus" name="test_perf_status_returns_200" time="0.265" /><testcase classname="backend.tests.test_performance_p2.TestPerfStatus" name="test_perf_status_has_cache_info" time="0.160" /><testcase classname="backend.tests.test_performance_p2.TestPerfStatus" name="test_perf_status_has_index_list" time="0.109" /><testcase classname="backend.tests.test_performance_p2.TestMongoDBIndexes" name="test_orders_indexes" time="0.075" /><testcase classname="backend.tests.test_performance_p2.TestMongoDBIndexes" name="test_users_indexes" time="0.073" /><testcase classname="backend.tests.test_performance_p2.TestMongoDBIndexes" name="test_sessions_indexes" time="0.056" /><testcase classname="backend.tests.test_performance_p2.TestMongoDBIndexes" name="test_returns_indexes" time="0.060" /><testcase classname="backend.tests.test_performance_p2.TestMongoDBIndexes" name="test_tracking_events_indexes" time="0.070" /><testcase classname="backend.tests.test_performance_p2.TestDashboardStats" name="test_dashboard_stats_returns_200" time="0.212" /><testcase classname="backend.tests.test_performance_p2.TestDashboardStats" name="test_dashboard_stats_structure" time="0.064" /><testcase classname="backend.tests.test_performance_p2.TestDashboardStats" name="test_dashboard_stats_caches_result" time="0.134" /><testcase classname="backend.tests.test_performance_p2.TestDashboardOrdersByStatus" name="test_orders_by_status_returns_200" time="0.067" /><testcase classname="backend.tests.test_performance_p2.TestDashboardOrdersByStatus" name="test_orders_by_status_returns_list" time="0.058" /><testcase classname="backend.tests.test_performance_p2.TestDashboardOrdersByStatus" name="test_orders_by_status_structure" time="0.098" /><testcase classname="backend.tests.test_performance_p2.TestDashboardRevenueEvolution" name="test_revenue_evolution_returns_200" time="0.071" /><testcase classname="backend.tests.test_performance_p2.TestDashboardRevenueEvolution" name="test_revenue_evolution_returns_7_days" time="0.066" /><testcase classname="backend.tests.test_performance_p2.TestDashboardRevenueEvolution" name="test_revenue_evolution_structure" time="0.067" /><testcase classname="backend.tests.test_performance_p2.TestRedisCacheKeys" name="test_cache_has_keys_after_dashboard_calls" time="0.287" /><testcase classname="backend.tests.test_performance_p2.TestOrdersRegression" name="test_get_orders_returns_200" time="0.057" /><testcase classname="backend.tests.test_performance_p2.TestOrdersRegression" name="test_get_orders_has_pagination" time="0.059" /><testcase classname="backend.tests.test_performance_p2.TestReturnsRegression" name="test_get_returns_returns_200" time="0.053" /><testcase classname="backend.tests.test_performance_p2.TestWarehouseRegression" name="test_get_warehouse_zones_returns_200" time="0.078" /><testcase classname="backend.tests.test_performance_p2.TestWarehouseRegression" name="test_get_warehouse_depots_returns_200" time="0.055" /><testcase classname="backend.tests.test_performance_p2.TestAIBrainRegression" name="test_ai_brain_status_returns_200" time="0.059" /><testcase classname="backend.tests.test_performance_p2.TestAIBrainRegression" name="test_ai_brain_agents_returns_200" time="0.061" /><testcase classname="backend.tests.test_performance_p2.TestCacheInvalidation" name="test_order_status_update_available" time="0.126" /></testsuite></testsuites>