<?xml version="1.0" encoding="utf-8"?><testsuites name="pytest tests"><testsuite name="pytest" errors="0" failures="0" skipped="0" tests="18" time="2.797" timestamp="2026-02-19T14:23:13.625366+00:00" hostname="agent-env-e73da2e2-ac3e-48e4-9f9c-cc6a65d2999c"><testcase classname="tests.test_whatsapp_meta.TestWhatsAppMetaStatus" name="test_status_returns_200" time="0.151" /><testcase classname="tests.test_whatsapp_meta.TestWhatsAppMetaStatus" name="test_status_returns_configured_field" time="0.176" /><testcase classname="tests.test_whatsapp_meta.TestWhatsAppMetaStatus" name="test_status_returns_enabled_field" time="0.125" /><testcase classname="tests.test_whatsapp_meta.TestWhatsAppMetaStatus" name="test_status_returns_triggers" time="0.144" /><testcase classname="tests.test_whatsapp_meta.TestWhatsAppMetaStatus" name="test_status_returns_templates" time="0.137" /><testcase classname="tests.test_whatsapp_meta.TestWhatsAppMetaTemplates" name="test_templates_returns_200" time="0.203" /><testcase classname="tests.test_whatsapp_meta.TestWhatsAppMetaTemplates" name="test_templates_returns_3_templates" time="0.108" /><testcase classname="tests.test_whatsapp_meta.TestWhatsAppMetaTemplates" name="test_templates_contains_hello_world" time="0.110" /><testcase classname="tests.test_whatsapp_meta.TestWhatsAppMetaTemplates" name="test_templates_contains_delivery_update" time="0.110" /><testcase classname="tests.test_whatsapp_meta.TestWhatsAppMetaTemplates" name="test_templates_contains_delivery_confirmed" time="0.135" /><testcase classname="tests.test_whatsapp_meta.TestWhatsAppMetaTemplates" name="test_templates_have_required_fields" time="0.161" /><testcase classname="tests.test_whatsapp_meta.TestWhatsAppMetaConfigure" name="test_configure_returns_200" time="0.335" /><testcase classname="tests.test_whatsapp_meta.TestWhatsAppMetaConfigure" name="test_configure_returns_success" time="0.110" /><testcase classname="tests.test_whatsapp_meta.TestWhatsAppMetaConfigure" name="test_configure_updates_status" time="0.199" /><testcase classname="tests.test_whatsapp_meta.TestWhatsAppMetaLogs" name="test_logs_returns_200" time="0.131" /><testcase classname="tests.test_whatsapp_meta.TestWhatsAppMetaLogs" name="test_logs_returns_logs_array" time="0.116" /><testcase classname="tests.test_whatsapp_meta.TestWhatsAppMetaTriggers" name="test_triggers_returns_200" time="0.144" /><testcase classname="tests.test_whatsapp_meta.TestWhatsAppMetaTriggers" name="test_triggers_returns_expected_structure" time="0.120" /></testsuite></testsuites>