<?xml version="1.0" encoding="utf-8"?><testsuites name="pytest tests"><testsuite name="pytest" errors="0" failures="0" skipped="0" tests="20" time="1.244" timestamp="2026-02-07T02:54:33.148517+00:00" hostname="agent-env-a6a46f41-416c-40f1-bb2d-1bf40677b3a5"><testcase classname="backend.tests.test_returns_routing_carriers.TestAuth" name="test_admin_login_success" time="0.190" /><testcase classname="backend.tests.test_returns_routing_carriers.TestAuth" name="test_login_invalid_credentials" time="0.040" /><testcase classname="backend.tests.test_returns_routing_carriers.TestAuth" name="test_auth_me_requires_token" time="0.035" /><testcase classname="backend.tests.test_returns_routing_carriers.TestReturnsAPI" name="test_get_returns_list" time="0.178" /><testcase classname="backend.tests.test_returns_routing_carriers.TestReturnsAPI" name="test_get_returns_stats" time="0.042" /><testcase classname="backend.tests.test_returns_routing_carriers.TestReturnsAPI" name="test_create_return_auto_decision" time="0.036" /><testcase classname="backend.tests.test_returns_routing_carriers.TestReturnsAPI" name="test_create_return_damaged_discards" time="0.042" /><testcase classname="backend.tests.test_returns_routing_carriers.TestReturnsAPI" name="test_update_return_status" time="0.114" /><testcase classname="backend.tests.test_returns_routing_carriers.TestReturnsAPI" name="test_returns_requires_auth" time="0.036" /><testcase classname="backend.tests.test_returns_routing_carriers.TestSmartRoutingAPI" name="test_get_wilayas_with_coords" time="0.036" /><testcase classname="backend.tests.test_returns_routing_carriers.TestSmartRoutingAPI" name="test_optimize_route" time="0.041" /><testcase classname="backend.tests.test_returns_routing_carriers.TestSmartRoutingAPI" name="test_optimize_empty_deliveries" time="0.034" /><testcase classname="backend.tests.test_returns_routing_carriers.TestCarriersAPI" name="test_carriers_requires_auth" time="0.034" /><testcase classname="backend.tests.test_returns_routing_carriers.TestCarriersAPI" name="test_get_carriers_authenticated" time="0.038" /><testcase classname="backend.tests.test_returns_routing_carriers.TestCarriersAPI" name="test_get_preconfigured_carriers" time="0.033" /><testcase classname="backend.tests.test_returns_routing_carriers.TestDashboardStats" name="test_dashboard_stats" time="0.048" /><testcase classname="backend.tests.test_returns_routing_carriers.TestDashboardStats" name="test_orders_by_status" time="0.040" /><testcase classname="backend.tests.test_returns_routing_carriers.TestDashboardStats" name="test_revenue_evolution" time="0.038" /><testcase classname="backend.tests.test_returns_routing_carriers.TestDashboardStats" name="test_top_wilayas" time="0.038" /><testcase classname="backend.tests.test_returns_routing_carriers.TestPublicEndpoints" name="test_public_tracking_invalid_id" time="0.040" /></testsuite></testsuites>