<?xml version="1.0" encoding="utf-8"?><testsuites name="pytest tests"><testsuite name="pytest" errors="0" failures="0" skipped="0" tests="22" time="16.526" timestamp="2026-02-07T06:12:21.718493+00:00" hostname="agent-env-e73da2e2-ac3e-48e4-9f9c-cc6a65d2999c"><testcase classname="tests.test_iteration4_ai_brain_groq.TestAIBrainStatus" name="test_ai_brain_status_returns_200" time="0.293" /><testcase classname="tests.test_iteration4_ai_brain_groq.TestAIBrainStatus" name="test_ai_brain_is_live" time="0.039" /><testcase classname="tests.test_iteration4_ai_brain_groq.TestAIBrainStatus" name="test_ai_brain_provider_groq" time="0.037" /><testcase classname="tests.test_iteration4_ai_brain_groq.TestAIBrainStatus" name="test_ai_brain_has_api_key" time="0.043" /><testcase classname="tests.test_iteration4_ai_brain_groq.TestAIBrainStatus" name="test_ai_brain_model_is_llama" time="0.041" /><testcase classname="tests.test_iteration4_ai_brain_groq.TestAIBrainStatus" name="test_ai_brain_has_three_agents" time="0.037" /><testcase classname="tests.test_iteration4_ai_brain_groq.TestAIBrainQueryLogistician" name="test_query_logistician_returns_200" time="2.936" /><testcase classname="tests.test_iteration4_ai_brain_groq.TestAIBrainQueryLogistician" name="test_query_logistician_is_not_simulated" time="3.073" /><testcase classname="tests.test_iteration4_ai_brain_groq.TestAIBrainQueryLogistician" name="test_query_logistician_has_response" time="2.132" /><testcase classname="tests.test_iteration4_ai_brain_groq.TestAIBrainQueryLogistician" name="test_query_logistician_has_usage_tokens" time="2.559" /><testcase classname="tests.test_iteration4_ai_brain_groq.TestAIBrainQueryAnalyst" name="test_query_analyst_is_not_simulated" time="2.078" /><testcase classname="tests.test_iteration4_ai_brain_groq.TestAIBrainQueryMonitor" name="test_query_monitor_is_not_simulated" time="2.750" /><testcase classname="tests.test_iteration4_ai_brain_groq.TestWarehouseEndpointsAfterMigration" name="test_warehouse_zones_returns_200" time="0.079" /><testcase classname="tests.test_iteration4_ai_brain_groq.TestWarehouseEndpointsAfterMigration" name="test_warehouse_zones_returns_data" time="0.041" /><testcase classname="tests.test_iteration4_ai_brain_groq.TestWarehouseEndpointsAfterMigration" name="test_warehouse_depots_returns_200" time="0.039" /><testcase classname="tests.test_iteration4_ai_brain_groq.TestWarehouseEndpointsAfterMigration" name="test_warehouse_depots_returns_data" time="0.038" /><testcase classname="tests.test_iteration4_ai_brain_groq.TestReturnsEndpointsAfterMigration" name="test_returns_list_returns_200" time="0.040" /><testcase classname="tests.test_iteration4_ai_brain_groq.TestReturnsEndpointsAfterMigration" name="test_returns_list_returns_data" time="0.040" /><testcase classname="tests.test_iteration4_ai_brain_groq.TestReturnsEndpointsAfterMigration" name="test_returns_stats_returns_200" time="0.040" /><testcase classname="tests.test_iteration4_ai_brain_groq.TestReturnsEndpointsAfterMigration" name="test_returns_stats_has_expected_fields" time="0.040" /><testcase classname="tests.test_iteration4_ai_brain_groq.TestCentralizedAPIClientRetry" name="test_api_returns_proper_error_for_invalid_endpoint" time="0.034" /><testcase classname="tests.test_iteration4_ai_brain_groq.TestCentralizedAPIClientRetry" name="test_api_returns_401_for_unauthenticated" time="0.039" /></testsuite></testsuites>