<?xml version="1.0" encoding="utf-8"?><testsuites name="pytest tests"><testsuite name="pytest" errors="0" failures="0" skipped="0" tests="14" time="2.318" timestamp="2026-02-07T03:44:16.776125+00:00" hostname="agent-env-a6a46f41-416c-40f1-bb2d-1bf40677b3a5"><testcase classname="tests.test_iteration3_features.TestAuth" name="test_login_success" time="0.182" /><testcase classname="tests.test_iteration3_features.TestAuth" name="test_login_invalid_credentials" time="0.184" /><testcase classname="tests.test_iteration3_features.TestLogoutEndpoints" name="test_logout_endpoint_exists" time="0.212" /><testcase classname="tests.test_iteration3_features.TestLogoutEndpoints" name="test_logout_all_devices_endpoint" time="0.180" /><testcase classname="tests.test_iteration3_features.TestLogoutEndpoints" name="test_logout_without_auth" time="0.043" /><testcase classname="tests.test_iteration3_features.TestWarehouseAPI" name="test_get_warehouse_zones" time="0.191" /><testcase classname="tests.test_iteration3_features.TestWarehouseAPI" name="test_get_warehouse_depots" time="0.194" /><testcase classname="tests.test_iteration3_features.TestWarehouseAPI" name="test_get_warehouse_stats" time="0.185" /><testcase classname="tests.test_iteration3_features.TestWarehouseAPI" name="test_warehouse_zones_require_auth" time="0.038" /><testcase classname="tests.test_iteration3_features.TestWarehouseAPI" name="test_warehouse_depots_require_auth" time="0.045" /><testcase classname="tests.test_iteration3_features.TestDashboardStats" name="test_dashboard_stats" time="0.194" /><testcase classname="tests.test_iteration3_features.TestDashboardStats" name="test_orders_by_status" time="0.158" /><testcase classname="tests.test_iteration3_features.TestReturnsAPI" name="test_get_returns" time="0.199" /><testcase classname="tests.test_iteration3_features.TestReturnsAPI" name="test_get_returns_stats" time="0.200" /></testsuite></testsuites>