<?xml version="1.0" encoding="utf-8"?><testsuites name="pytest tests"><testsuite name="pytest" errors="0" failures="0" skipped="0" tests="7" time="1.546" timestamp="2026-02-21T00:01:13.934546+00:00" hostname="agent-env-b48aa636-c1ee-491a-bbe5-a076a03b67ee"><testcase classname="tests.test_proforma.TestProformaAPI" name="test_proforma_generate_success" time="0.354" /><testcase classname="tests.test_proforma.TestProformaAPI" name="test_proforma_reference_auto_increment" time="0.252" /><testcase classname="tests.test_proforma.TestProformaAPI" name="test_proforma_totals_calculation" time="0.189" /><testcase classname="tests.test_proforma.TestProformaAPI" name="test_proforma_item_fields" time="0.167" /><testcase classname="tests.test_proforma.TestProformaAPI" name="test_proforma_no_orders_error" time="0.137" /><testcase classname="tests.test_proforma.TestProformaAPI" name="test_proforma_invalid_orders_error" time="0.137" /><testcase classname="tests.test_proforma.TestProformaAPI" name="test_proforma_unauthenticated" time="0.262" /></testsuite></testsuites>