<?xml version="1.0" encoding="utf-8"?><testsuites name="pytest tests"><testsuite name="pytest" errors="0" failures="0" skipped="0" tests="10" time="4.402" timestamp="2026-02-20T21:42:16.074243+00:00" hostname="agent-env-b48aa636-c1ee-491a-bbe5-a076a03b67ee"><testcase classname="tests.test_iteration9_features.TestAIBrainStatus" name="test_ai_brain_status_is_live" time="0.389" /><testcase classname="tests.test_iteration9_features.TestAIBrainStatus" name="test_ai_brain_status_provider" time="0.284" /><testcase classname="tests.test_iteration9_features.TestAIBrainStatus" name="test_ai_brain_status_model" time="0.288" /><testcase classname="tests.test_iteration9_features.TestAIBrainStatus" name="test_ai_brain_status_has_api_key" time="0.334" /><testcase classname="tests.test_iteration9_features.TestAIBrainQuerySilentFallback" name="test_query_logistician_returns_200" time="0.712" /><testcase classname="tests.test_iteration9_features.TestAIBrainQuerySilentFallback" name="test_query_analyst_returns_200" time="0.886" /><testcase classname="tests.test_iteration9_features.TestAIBrainQuerySilentFallback" name="test_query_monitor_returns_200" time="0.661" /><testcase classname="tests.test_iteration9_features.TestAIBrainQuerySilentFallback" name="test_query_invalid_agent_returns_200_with_error_message" time="0.329" /><testcase classname="tests.test_iteration9_features.TestLoginRoleAccess" name="test_login_ecommerce_user" time="0.151" /><testcase classname="tests.test_iteration9_features.TestLoginRoleAccess" name="test_ecommerce_can_access_ai_brain" time="0.313" /></testsuite></testsuites>